<?xml version="1.0" encoding="UTF-8"?>
<robot generator="Robot 3.2.1 (Python 3.8.2 on win32)" generated="20200628 13:22:06.217" rpa="false">
<suite id="s1" name="Tests" source="C:\qaninja\robot\web\tests">
<suite id="s1-s1" name="Login Form" source="C:\qaninja\robot\web\tests\login_form.robot">
<test id="s1-s1-t1" name="Senha inválida">
<kw name="Nova Sessão" library="base" type="setup">
<kw name="Open Browser" library="SeleniumLibrary">
<doc>Opens a new browser instance to the optional ``url``.</doc>
<arguments>
<arg>${url}</arg>
<arg>chrome</arg>
</arguments>
<msg timestamp="20200628 13:22:06.937" level="INFO">Opening browser 'chrome' to base url 'https://training-wheels-protocol.herokuapp.com'.</msg>
<status status="PASS" starttime="20200628 13:22:06.937" endtime="20200628 13:22:13.862"></status>
</kw>
<status status="PASS" starttime="20200628 13:22:06.936" endtime="20200628 13:22:13.862"></status>
</kw>
<kw name="Go To" library="SeleniumLibrary">
<doc>Navigates the current browser window to the provided ``url``.</doc>
<arguments>
<arg>${url}/login</arg>
</arguments>
<msg timestamp="20200628 13:22:13.863" level="INFO">Opening url 'https://training-wheels-protocol.herokuapp.com/login'</msg>
<status status="PASS" starttime="20200628 13:22:13.863" endtime="20200628 13:22:14.366"></status>
</kw>
<kw name="Input Text" library="SeleniumLibrary">
<doc>Types the given ``text`` into the text field identified by ``locator``.</doc>
<arguments>
<arg>css:input[name=username]</arg>
<arg>stark</arg>
</arguments>
<msg timestamp="20200628 13:22:14.367" level="INFO">Typing text 'stark' into text field 'css:input[name=username]'.</msg>
<status status="PASS" starttime="20200628 13:22:14.367" endtime="20200628 13:22:14.657"></status>
</kw>
<kw name="Input Text" library="SeleniumLibrary">
<doc>Types the given ``text`` into the text field identified by ``locator``.</doc>
<arguments>
<arg>css:input[name=password]</arg>
<arg>senha</arg>
</arguments>
<msg timestamp="20200628 13:22:14.659" level="INFO">Typing text 'senha' into text field 'css:input[name=password]'.</msg>
<status status="PASS" starttime="20200628 13:22:14.658" endtime="20200628 13:22:14.888"></status>
</kw>
<kw name="Click Element" library="SeleniumLibrary">
<doc>Click the element identified by ``locator``.</doc>
<arguments>
<arg>class:btn-login</arg>
</arguments>
<msg timestamp="20200628 13:22:14.890" level="INFO">Clicking element 'class:btn-login'.</msg>
<status status="PASS" starttime="20200628 13:22:14.889" endtime="20200628 13:22:15.438"></status>
</kw>
<kw name="Page Should Contain" library="SeleniumLibrary">
<doc>Verifies that current page contains ``text``.</doc>
<arguments>
<arg>Senha é invalida!</arg>
</arguments>
<msg timestamp="20200628 13:22:15.466" level="INFO">Current page contains text 'Senha é invalida!'.</msg>
<status status="PASS" starttime="20200628 13:22:15.442" endtime="20200628 13:22:15.467"></status>
</kw>
<kw name="Encerra Sessão" library="base" type="teardown">
<kw name="Capture Page Screenshot" library="SeleniumLibrary">
<doc>Takes a screenshot of the current page and embeds it into a log file.</doc>
<msg timestamp="20200628 13:22:15.899" level="INFO" html="yes">&lt;/td&gt;&lt;/tr&gt;&lt;tr&gt;&lt;td colspan="3"&gt;&lt;a href="selenium-screenshot-47.png"&gt;&lt;img src="selenium-screenshot-47.png" width="800px"&gt;&lt;/a&gt;</msg>
<status status="PASS" starttime="20200628 13:22:15.470" endtime="20200628 13:22:15.899"></status>
</kw>
<kw name="Close Browser" library="SeleniumLibrary">
<doc>Closes the current browser.</doc>
<status status="PASS" starttime="20200628 13:22:15.899" endtime="20200628 13:22:18.180"></status>
</kw>
<status status="PASS" starttime="20200628 13:22:15.468" endtime="20200628 13:22:18.180"></status>
</kw>
<tags>
<tag>login_error</tag>
</tags>
<status status="PASS" starttime="20200628 13:22:06.935" endtime="20200628 13:22:18.180" critical="yes"></status>
</test>
<status status="PASS" starttime="20200628 13:22:06.254" endtime="20200628 13:22:18.180"></status>
</suite>
<status status="PASS" starttime="20200628 13:22:06.217" endtime="20200628 13:22:18.186"></status>
</suite>
<statistics>
<total>
<stat pass="1" fail="0">Critical Tests</stat>
<stat pass="1" fail="0">All Tests</stat>
</total>
<tag>
<stat pass="1" fail="0">login_error</stat>
</tag>
<suite>
<stat pass="1" fail="0" id="s1" name="Tests">Tests</stat>
<stat pass="1" fail="0" id="s1-s1" name="Login Form">Tests.Login Form</stat>
</suite>
</statistics>
<errors>
</errors>
</robot>
